('picSavePath: ', '/dev/shm/')
('take picNo: ', 0)
('filename: ', '/dev/shm/000.jpg')
('time: ', 1530304878.370371)
('take picNo: ', 1)
('filename: ', '/dev/shm/001.jpg')
('time: ', 1530304879.370134)
('take picNo: ', 2)
('filename: ', '/dev/shm/002.jpg')
('time: ', 1530304880.370147)
('take picNo: ', 3)
('filename: ', '/dev/shm/003.jpg')
('time: ', 1530304881.370156)
('take picNo: ', 4)
('filename: ', '/dev/shm/004.jpg')
('time: ', 1530304882.370192)
('take picNo: ', 5)
('filename: ', '/dev/shm/005.jpg')
('time: ', 1530304883.370204)
('take picNo: ', 6)
('filename: ', '/dev/shm/006.jpg')
('time: ', 1530304884.370185)
('take picNo: ', 7)
('filename: ', '/dev/shm/007.jpg')
('time: ', 1530304885.370231)
('take picNo: ', 8)
('filename: ', '/dev/shm/008.jpg')
('time: ', 1530304886.370234)
('take picNo: ', 9)
('filename: ', '/dev/shm/009.jpg')
('time: ', 1530304887.370239)
('take picNo: ', 10)
('filename: ', '/dev/shm/010.jpg')
('time: ', 1530304888.370204)
('last picNo: ', 11)
('start upload of: ', '/dev/shm/009.jpg')
Array
(
    [upfile] => Array
        (
            [name] => 009.jpg
            [type] => 
            [tmp_name] => /tmp/phpc0GGhr
            [error] => 0
            [size] => 2366577
        )

)

 uploaded ./files/bild.jpg
('take picNo: ', 11)
('filename: ', '/dev/shm/011.jpg')
('time: ', 1530313183.732578)
('take picNo: ', 12)
('filename: ', '/dev/shm/012.jpg')
('time: ', 1530313184.732325)
('take picNo: ', 13)
('filename: ', '/dev/shm/013.jpg')
('time: ', 1530313185.732269)
('take picNo: ', 14)
('filename: ', '/dev/shm/014.jpg')
('time: ', 1530313186.732257)
('take picNo: ', 15)
('filename: ', '/dev/shm/015.jpg')
('time: ', 1530313187.732267)
('take picNo: ', 16)
('filename: ', '/dev/shm/016.jpg')
('time: ', 1530313188.73231)
('take picNo: ', 17)
('filename: ', '/dev/shm/017.jpg')
('time: ', 1530313189.732321)
('take picNo: ', 18)
('filename: ', '/dev/shm/018.jpg')
('time: ', 1530313190.732342)
('take picNo: ', 19)
('filename: ', '/dev/shm/019.jpg')
('time: ', 1530313191.73235)
('take picNo: ', 20)
('filename: ', '/dev/shm/020.jpg')
('time: ', 1530313192.732364)
('take picNo: ', 21)
('filename: ', '/dev/shm/021.jpg')
('time: ', 1530313193.73236)
('take picNo: ', 22)
('filename: ', '/dev/shm/022.jpg')
('time: ', 1530313194.732429)
('take picNo: ', 23)
('filename: ', '/dev/shm/023.jpg')
('time: ', 1530313195.73244)
('take picNo: ', 24)
('filename: ', '/dev/shm/024.jpg')
('time: ', 1530313196.732448)
('last picNo: ', 25)
('start upload of: ', '/dev/shm/023.jpg')
Array
(
    [upfile] => Array
        (
            [name] => 023.jpg
            [type] => 
            [tmp_name] => /tmp/phpBH7c1O
            [error] => 0
            [size] => 2333176
        )

)

 uploaded ./files/bild.jpg
('take picNo: ', 25)
('filename: ', '/dev/shm/025.jpg')
('time: ', 1530313933.795003)
('take picNo: ', 26)
('filename: ', '/dev/shm/026.jpg')
('time: ', 1530313934.794702)
('take picNo: ', 27)
('filename: ', '/dev/shm/027.jpg')
('time: ', 1530313935.794724)
('take picNo: ', 28)
('filename: ', '/dev/shm/028.jpg')
('time: ', 1530313936.794735)
('take picNo: ', 29)
('filename: ', '/dev/shm/029.jpg')
('time: ', 1530313937.794759)
('take picNo: ', 30)
('filename: ', '/dev/shm/030.jpg')
('time: ', 1530313938.794768)
('last picNo: ', 31)
('start upload of: ', '/dev/shm/029.jpg')
Array
(
    [upfile] => Array
        (
            [name] => 029.jpg
            [type] => 
            [tmp_name] => /tmp/phpqDASK6
            [error] => 0
            [size] => 2319111
        )

)

 uploaded ./files/bild.jpg
('take picNo: ', 31)
('filename: ', '/dev/shm/031.jpg')
('time: ', 1530316738.046527)
('take picNo: ', 32)
('filename: ', '/dev/shm/032.jpg')
('time: ', 1530316739.046255)
('take picNo: ', 33)
('filename: ', '/dev/shm/033.jpg')
('time: ', 1530316740.046271)
('take picNo: ', 34)
('filename: ', '/dev/shm/034.jpg')
('time: ', 1530316741.046284)
('last picNo: ', 35)
('start upload of: ', '/dev/shm/033.jpg')
Array
(
    [upfile] => Array
        (
            [name] => 033.jpg
            [type] => 
            [tmp_name] => /tmp/phpCXXDeR
            [error] => 0
            [size] => 1648039
        )

)

 uploaded ./files/bild.jpg
('take picNo: ', 35)
('filename: ', '/dev/shm/035.jpg')
('time: ', 1530316933.244416)
('take picNo: ', 36)
('filename: ', '/dev/shm/036.jpg')
('time: ', 1530316934.244169)
('take picNo: ', 37)
('filename: ', '/dev/shm/037.jpg')
('time: ', 1530316935.244184)
('take picNo: ', 38)
('filename: ', '/dev/shm/038.jpg')
('time: ', 1530316936.244189)
('take picNo: ', 39)
('filename: ', '/dev/shm/039.jpg')
('time: ', 1530316937.244194)
('take picNo: ', 40)
('filename: ', '/dev/shm/040.jpg')
('time: ', 1530316938.244211)
('take picNo: ', 41)
('filename: ', '/dev/shm/041.jpg')
('time: ', 1530316939.244232)
('take picNo: ', 42)
('filename: ', '/dev/shm/042.jpg')
('time: ', 1530316940.244256)
('take picNo: ', 43)
('filename: ', '/dev/shm/043.jpg')
('time: ', 1530316941.244268)
('take picNo: ', 44)
('filename: ', '/dev/shm/044.jpg')
('time: ', 1530316942.244269)
('take picNo: ', 45)
('filename: ', '/dev/shm/045.jpg')
('time: ', 1530316943.244296)
('take picNo: ', 46)
('filename: ', '/dev/shm/046.jpg')
('time: ', 1530316944.244293)
('take picNo: ', 47)
('filename: ', '/dev/shm/047.jpg')
('time: ', 1530316945.244285)
('take picNo: ', 48)
('filename: ', '/dev/shm/048.jpg')
('time: ', 1530316946.244304)
('take picNo: ', 49)
('filename: ', '/dev/shm/049.jpg')
('time: ', 1530316947.244315)
('take picNo: ', 50)
('filename: ', '/dev/shm/050.jpg')
('time: ', 1530316948.244358)
('take picNo: ', 51)
('filename: ', '/dev/shm/051.jpg')
('time: ', 1530316949.251255)
('take picNo: ', 52)
('filename: ', '/dev/shm/052.jpg')
('time: ', 1530316950.251211)
('take picNo: ', 53)
('filename: ', '/dev/shm/053.jpg')
('time: ', 1530316951.251204)
('take picNo: ', 54)
('filename: ', '/dev/shm/054.jpg')
('time: ', 1530316952.251173)
('take picNo: ', 55)
('filename: ', '/dev/shm/055.jpg')
('time: ', 1530316953.251205)
('take picNo: ', 56)
('filename: ', '/dev/shm/056.jpg')
('time: ', 1530316954.251221)
('take picNo: ', 57)
('filename: ', '/dev/shm/057.jpg')
('time: ', 1530316955.251235)
('take picNo: ', 58)
('filename: ', '/dev/shm/058.jpg')
('time: ', 1530316956.251256)
('take picNo: ', 59)
('filename: ', '/dev/shm/059.jpg')
('time: ', 1530316957.251232)
('take picNo: ', 60)
('filename: ', '/dev/shm/060.jpg')
('time: ', 1530316958.251256)
('take picNo: ', 61)
('filename: ', '/dev/shm/061.jpg')
('time: ', 1530316959.251274)
('take picNo: ', 62)
('filename: ', '/dev/shm/062.jpg')
('time: ', 1530316960.251297)
('take picNo: ', 63)
('filename: ', '/dev/shm/063.jpg')
('time: ', 1530316961.251315)
('take picNo: ', 64)
('filename: ', '/dev/shm/064.jpg')
('time: ', 1530316962.251313)
('take picNo: ', 65)
('filename: ', '/dev/shm/065.jpg')
('time: ', 1530316963.25219)
('take picNo: ', 66)
('filename: ', '/dev/shm/066.jpg')
('time: ', 1530316964.252194)
('take picNo: ', 67)
('filename: ', '/dev/shm/067.jpg')
('time: ', 1530316965.252207)
('take picNo: ', 68)
('filename: ', '/dev/shm/068.jpg')
('time: ', 1530316966.252206)
('take picNo: ', 69)
('filename: ', '/dev/shm/069.jpg')
('time: ', 1530316967.2522)
('last picNo: ', 70)
('start upload of: ', '/dev/shm/068.jpg')
Array
(
    [upfile] => Array
        (
            [name] => 068.jpg
            [type] => 
            [tmp_name] => /tmp/phptpUxQt
            [error] => 0
            [size] => 2279259
        )

)

 uploaded ./files/bild.jpg
('take picNo: ', 70)
('filename: ', '/dev/shm/070.jpg')
('time: ', 1530341550.017797)
('take picNo: ', 71)
('filename: ', '/dev/shm/071.jpg')
('time: ', 1530341551.017485)
('take picNo: ', 72)
('filename: ', '/dev/shm/072.jpg')
('time: ', 1530341552.017512)
('take picNo: ', 73)
('filename: ', '/dev/shm/073.jpg')
('time: ', 1530341553.017555)
('take picNo: ', 74)
('filename: ', '/dev/shm/074.jpg')
('time: ', 1530341554.017531)
('take picNo: ', 75)
('filename: ', '/dev/shm/075.jpg')
('time: ', 1530341555.017556)
('take picNo: ', 76)
('filename: ', '/dev/shm/076.jpg')
('time: ', 1530341556.018445)
('take picNo: ', 77)
('filename: ', '/dev/shm/077.jpg')
('time: ', 1530341557.018483)
('take picNo: ', 78)
('filename: ', '/dev/shm/078.jpg')
('time: ', 1530341558.018794)
('take picNo: ', 79)
('filename: ', '/dev/shm/079.jpg')
('time: ', 1530341559.01854)
('take picNo: ', 80)
('filename: ', '/dev/shm/080.jpg')
('time: ', 1530341560.01864)
('take picNo: ', 81)
('filename: ', '/dev/shm/081.jpg')
('time: ', 1530341561.018584)
('take picNo: ', 82)
('filename: ', '/dev/shm/082.jpg')
('time: ', 1530341562.018617)
('take picNo: ', 83)
('filename: ', '/dev/shm/083.jpg')
('time: ', 1530341563.01859)
('take picNo: ', 84)
('filename: ', '/dev/shm/084.jpg')
('time: ', 1530341564.018638)
('take picNo: ', 85)
('filename: ', '/dev/shm/085.jpg')
('time: ', 1530341565.01864)
('last picNo: ', 86)
('start upload of: ', '/dev/shm/084.jpg')
Array
(
    [upfile] => Array
        (
            [name] => 084.jpg
            [type] => 
            [tmp_name] => /tmp/phpDAfX8t
            [error] => 0
            [size] => 2328019
        )

)

 uploaded ./files/bild.jpg
('take picNo: ', 86)
('filename: ', '/dev/shm/086.jpg')
('time: ', 1530343676.496704)
('take picNo: ', 87)
('filename: ', '/dev/shm/087.jpg')
('time: ', 1530343677.496422)
('take picNo: ', 88)
('filename: ', '/dev/shm/088.jpg')
('time: ', 1530343678.4964)
('last picNo: ', 89)
('start upload of: ', '/dev/shm/087.jpg')
Array
(
    [upfile] => Array
        (
            [name] => 087.jpg
            [type] => 
            [tmp_name] => /tmp/phpB9vhDb
            [error] => 0
            [size] => 2242024
        )

)

 uploaded ./files/bild.jpg
('take picNo: ', 89)
('filename: ', '/dev/shm/089.jpg')
('time: ', 1530361452.788815)
('take picNo: ', 90)
('filename: ', '/dev/shm/090.jpg')
('time: ', 1530361453.788557)
('take picNo: ', 91)
('filename: ', '/dev/shm/091.jpg')
('time: ', 1530361454.788561)
('take picNo: ', 92)
('filename: ', '/dev/shm/092.jpg')
('time: ', 1530361455.788545)
('take picNo: ', 93)
('filename: ', '/dev/shm/093.jpg')
('time: ', 1530361456.788563)
('take picNo: ', 94)
('filename: ', '/dev/shm/094.jpg')
('time: ', 1530361457.788598)
('take picNo: ', 95)
('filename: ', '/dev/shm/095.jpg')
('time: ', 1530361458.788613)
('take picNo: ', 96)
('filename: ', '/dev/shm/096.jpg')
('time: ', 1530361459.788586)
('take picNo: ', 97)
('filename: ', '/dev/shm/097.jpg')
('time: ', 1530361460.788576)
('take picNo: ', 98)
('filename: ', '/dev/shm/098.jpg')
('time: ', 1530361461.7886)
('take picNo: ', 99)
('filename: ', '/dev/shm/099.jpg')
('time: ', 1530361462.788626)
('take picNo: ', 100)
('filename: ', '/dev/shm/100.jpg')
('time: ', 1530361463.788641)
('take picNo: ', 101)
('filename: ', '/dev/shm/101.jpg')
('time: ', 1530361464.788654)
('take picNo: ', 102)
('filename: ', '/dev/shm/102.jpg')
('time: ', 1530361465.788657)
('take picNo: ', 103)
('filename: ', '/dev/shm/103.jpg')
('time: ', 1530361466.78871)
('take picNo: ', 104)
('filename: ', '/dev/shm/104.jpg')
('time: ', 1530361467.788726)
('take picNo: ', 105)
('filename: ', '/dev/shm/105.jpg')
('time: ', 1530361468.788748)
('take picNo: ', 106)
('filename: ', '/dev/shm/106.jpg')
('time: ', 1530361469.788752)
('take picNo: ', 107)
('filename: ', '/dev/shm/107.jpg')
('time: ', 1530361470.788767)
('take picNo: ', 108)
('filename: ', '/dev/shm/108.jpg')
('time: ', 1530361471.788785)
('take picNo: ', 109)
('filename: ', '/dev/shm/109.jpg')
('time: ', 1530361472.788776)
('take picNo: ', 110)
('filename: ', '/dev/shm/110.jpg')
('time: ', 1530361473.788801)
('take picNo: ', 111)
('filename: ', '/dev/shm/111.jpg')
('time: ', 1530361474.788781)
('take picNo: ', 112)
('filename: ', '/dev/shm/112.jpg')
('time: ', 1530361475.788808)
('take picNo: ', 113)
('filename: ', '/dev/shm/113.jpg')
('time: ', 1530361476.788808)
('take picNo: ', 114)
('filename: ', '/dev/shm/114.jpg')
('time: ', 1530361477.788831)
('take picNo: ', 115)
('filename: ', '/dev/shm/115.jpg')
('time: ', 1530361478.788828)
('take picNo: ', 116)
('filename: ', '/dev/shm/116.jpg')
('time: ', 1530361479.788858)
('take picNo: ', 117)
('filename: ', '/dev/shm/117.jpg')
('time: ', 1530361480.78887)
('take picNo: ', 118)
('filename: ', '/dev/shm/118.jpg')
('time: ', 1530361481.788878)
('take picNo: ', 119)
('filename: ', '/dev/shm/119.jpg')
('time: ', 1530361482.788888)
('take picNo: ', 120)
('filename: ', '/dev/shm/120.jpg')
('time: ', 1530361483.788915)
('take picNo: ', 121)
('filename: ', '/dev/shm/121.jpg')
('time: ', 1530361484.78894)
('take picNo: ', 122)
('filename: ', '/dev/shm/122.jpg')
('time: ', 1530361485.788966)
('take picNo: ', 123)
('filename: ', '/dev/shm/123.jpg')
('time: ', 1530361486.788993)
('take picNo: ', 124)
('filename: ', '/dev/shm/124.jpg')
('time: ', 1530361487.789014)
('take picNo: ', 125)
('filename: ', '/dev/shm/125.jpg')
('time: ', 1530361488.789026)
('take picNo: ', 126)
('filename: ', '/dev/shm/126.jpg')
('time: ', 1530361489.789032)
('take picNo: ', 127)
('filename: ', '/dev/shm/127.jpg')
('time: ', 1530361490.789012)
('take picNo: ', 128)
('filename: ', '/dev/shm/128.jpg')
('time: ', 1530361491.789046)
('take picNo: ', 129)
('filename: ', '/dev/shm/129.jpg')
('time: ', 1530361492.789085)
('take picNo: ', 130)
('filename: ', '/dev/shm/130.jpg')
('time: ', 1530361493.789075)
('take picNo: ', 131)
('filename: ', '/dev/shm/131.jpg')
('time: ', 1530361494.789113)
('take picNo: ', 132)
('filename: ', '/dev/shm/132.jpg')
('time: ', 1530361495.789101)
('take picNo: ', 133)
('filename: ', '/dev/shm/133.jpg')
('time: ', 1530361496.789114)
('take picNo: ', 134)
('filename: ', '/dev/shm/134.jpg')
('time: ', 1530361497.789123)
('take picNo: ', 135)
('filename: ', '/dev/shm/135.jpg')
('time: ', 1530361498.789154)
('take picNo: ', 136)
('filename: ', '/dev/shm/136.jpg')
('time: ', 1530361499.789173)
('take picNo: ', 137)
('filename: ', '/dev/shm/137.jpg')
('time: ', 1530361500.789171)
('take picNo: ', 138)
('filename: ', '/dev/shm/138.jpg')
('time: ', 1530361501.789191)
('take picNo: ', 139)
('filename: ', '/dev/shm/139.jpg')
('time: ', 1530361502.789183)
('take picNo: ', 140)
('filename: ', '/dev/shm/140.jpg')
('time: ', 1530361503.789202)
('take picNo: ', 141)
('filename: ', '/dev/shm/141.jpg')
('time: ', 1530361504.789214)
('take picNo: ', 142)
('filename: ', '/dev/shm/142.jpg')
('time: ', 1530361505.789231)
('take picNo: ', 143)
('filename: ', '/dev/shm/143.jpg')
('time: ', 1530361506.789314)
('take picNo: ', 144)
('filename: ', '/dev/shm/144.jpg')
('time: ', 1530361507.789469)
('take picNo: ', 145)
('filename: ', '/dev/shm/145.jpg')
('time: ', 1530361508.789317)
('take picNo: ', 146)
('filename: ', '/dev/shm/146.jpg')
('time: ', 1530361509.789331)
('take picNo: ', 147)
('filename: ', '/dev/shm/147.jpg')
('time: ', 1530361510.789304)
('take picNo: ', 148)
('filename: ', '/dev/shm/148.jpg')
('time: ', 1530361511.789344)
('take picNo: ', 149)
('filename: ', '/dev/shm/149.jpg')
('time: ', 1530361512.789379)
('take picNo: ', 150)
('filename: ', '/dev/shm/150.jpg')
('time: ', 1530361513.789365)
('take picNo: ', 151)
('filename: ', '/dev/shm/151.jpg')
('time: ', 1530361514.789358)
('take picNo: ', 152)
('filename: ', '/dev/shm/152.jpg')
('time: ', 1530361515.789386)
('take picNo: ', 153)
('filename: ', '/dev/shm/153.jpg')
('time: ', 1530361516.789394)
('take picNo: ', 154)
('filename: ', '/dev/shm/154.jpg')
('time: ', 1530361517.789399)
('take picNo: ', 155)
('filename: ', '/dev/shm/155.jpg')
('time: ', 1530361518.789464)
('take picNo: ', 156)
('filename: ', '/dev/shm/156.jpg')
('time: ', 1530361519.789475)
('take picNo: ', 157)
('filename: ', '/dev/shm/157.jpg')
('time: ', 1530361520.789479)
('take picNo: ', 158)
('filename: ', '/dev/shm/158.jpg')
('time: ', 1530361521.789481)
('take picNo: ', 159)
('filename: ', '/dev/shm/159.jpg')
('time: ', 1530361522.789473)
('take picNo: ', 160)
('filename: ', '/dev/shm/160.jpg')
('time: ', 1530361523.789484)
('last picNo: ', 161)
('start upload of: ', '/dev/shm/159.jpg')
Array
(
    [upfile] => Array
        (
            [name] => 159.jpg
            [type] => 
            [tmp_name] => /tmp/php6kf8Rv
            [error] => 0
            [size] => 2232222
        )

)

 uploaded ./files/bild.jpg
('take picNo: ', 161)
('filename: ', '/dev/shm/161.jpg')
('time: ', 1530362486.720402)
('take picNo: ', 162)
('filename: ', '/dev/shm/162.jpg')
('time: ', 1530362487.720379)
('take picNo: ', 163)
('filename: ', '/dev/shm/163.jpg')
('time: ', 1530362488.720103)
('take picNo: ', 164)
('filename: ', '/dev/shm/164.jpg')
('time: ', 1530362489.720119)
('take picNo: ', 165)
('filename: ', '/dev/shm/165.jpg')
('time: ', 1530362490.72015)
('take picNo: ', 166)
('filename: ', '/dev/shm/166.jpg')
('time: ', 1530362491.720158)
('take picNo: ', 167)
('filename: ', '/dev/shm/167.jpg')
('time: ', 1530362492.72019)
('take picNo: ', 168)
('filename: ', '/dev/shm/168.jpg')
('time: ', 1530362493.720157)
('take picNo: ', 169)
('filename: ', '/dev/shm/169.jpg')
('time: ', 1530362494.720201)
('take picNo: ', 170)
('filename: ', '/dev/shm/170.jpg')
('time: ', 1530362495.720239)
('take picNo: ', 171)
('filename: ', '/dev/shm/171.jpg')
('time: ', 1530362496.720235)
('take picNo: ', 172)
('filename: ', '/dev/shm/172.jpg')
('time: ', 1530362497.720237)
('take picNo: ', 173)
('filename: ', '/dev/shm/173.jpg')
('time: ', 1530362498.720251)
('take picNo: ', 174)
('filename: ', '/dev/shm/174.jpg')
('time: ', 1530362499.720248)
('take picNo: ', 175)
('filename: ', '/dev/shm/175.jpg')
('time: ', 1530362500.72028)
('take picNo: ', 176)
('filename: ', '/dev/shm/176.jpg')
('time: ', 1530362501.720323)
('take picNo: ', 177)
('filename: ', '/dev/shm/177.jpg')
('time: ', 1530362502.720316)
('take picNo: ', 178)
('filename: ', '/dev/shm/178.jpg')
('time: ', 1530362503.720336)
('take picNo: ', 179)
('filename: ', '/dev/shm/179.jpg')
('time: ', 1530362504.720298)
('take picNo: ', 180)
('filename: ', '/dev/shm/180.jpg')
('time: ', 1530362505.720319)
('take picNo: ', 181)
('filename: ', '/dev/shm/181.jpg')
('time: ', 1530362506.720348)
('take picNo: ', 182)
('filename: ', '/dev/shm/182.jpg')
('time: ', 1530362507.720492)
('take picNo: ', 183)
('filename: ', '/dev/shm/183.jpg')
('time: ', 1530362508.720446)
('last picNo: ', 184)
('start upload of: ', '/dev/shm/182.jpg')
Array
(
    [upfile] => Array
        (
            [name] => 182.jpg
            [type] => 
            [tmp_name] => /tmp/phpzdWayl
            [error] => 0
            [size] => 2280765
        )

)

 uploaded ./files/bild.jpg
('take picNo: ', 184)
('filename: ', '/dev/shm/184.jpg')
('time: ', 1530362555.974157)
('take picNo: ', 185)
('filename: ', '/dev/shm/185.jpg')
('time: ', 1530362556.974009)
('last picNo: ', 186)
('start upload of: ', '/dev/shm/184.jpg')
Array
(
    [upfile] => Array
        (
            [name] => 184.jpg
            [type] => 
            [tmp_name] => /tmp/phpKonDAG
            [error] => 0
            [size] => 2240603
        )

)

 uploaded ./files/bild.jpg
('take picNo: ', 186)
('filename: ', '/dev/shm/186.jpg')
('time: ', 1530363008.498462)
('take picNo: ', 187)
('filename: ', '/dev/shm/187.jpg')
('time: ', 1530363009.498178)
('take picNo: ', 188)
('filename: ', '/dev/shm/188.jpg')
('time: ', 1530363010.498161)
('take picNo: ', 189)
('filename: ', '/dev/shm/189.jpg')
('time: ', 1530363011.498189)
('take picNo: ', 190)
('filename: ', '/dev/shm/190.jpg')
('time: ', 1530363012.498196)
('take picNo: ', 191)
('filename: ', '/dev/shm/191.jpg')
('time: ', 1530363013.498197)
('take picNo: ', 192)
('filename: ', '/dev/shm/192.jpg')
('time: ', 1530363014.49821)
('take picNo: ', 193)
('filename: ', '/dev/shm/193.jpg')
('time: ', 1530363015.498211)
('take picNo: ', 194)
('filename: ', '/dev/shm/194.jpg')
('time: ', 1530363016.498258)
('take picNo: ', 195)
('filename: ', '/dev/shm/195.jpg')
('time: ', 1530363017.498283)
('take picNo: ', 196)
('filename: ', '/dev/shm/196.jpg')
('time: ', 1530363018.498314)
('take picNo: ', 197)
('filename: ', '/dev/shm/197.jpg')
('time: ', 1530363019.498333)
('take picNo: ', 198)
('filename: ', '/dev/shm/198.jpg')
('time: ', 1530363020.498339)
('take picNo: ', 199)
('filename: ', '/dev/shm/199.jpg')
('time: ', 1530363021.498316)
('take picNo: ', 200)
('filename: ', '/dev/shm/200.jpg')
('time: ', 1530363022.498354)
('take picNo: ', 201)
('filename: ', '/dev/shm/201.jpg')
('time: ', 1530363023.498377)
('take picNo: ', 202)
('filename: ', '/dev/shm/202.jpg')
('time: ', 153036